<?xml version="1.0" encoding="UTF-8"?>
<!-- Generated by org.testng.reporters.JUnitXMLReporter -->
<testsuite ignored="0" hostname="Francis-Anthony" failures="1" tests="1" name="BDD Tests" time="1.457" errors="0" timestamp="2025-05-24T22:50:29 IST">
  <testcase classname="io.cucumber.testng.AbstractTestNGCucumberTests" name="runScenario" time="0.159">
    <failure type="io.cucumber.testng.UndefinedStepException" message="The step &amp;apos;User launches the Heroku app URL&amp;apos; and 7 other step(s) are undefined.
You can implement these steps using the snippet(s) below:

@Given(&amp;quot;User launches the Heroku app URL&amp;quot;)
public void user_launches_the_heroku_app_url() {
    // Write code here that turns the phrase above into concrete actions
    throw new io.cucumber.java.PendingException();
}
@Then(&amp;quot;User verifies the title of the home page&amp;quot;)
public void user_verifies_the_title_of_the_home_page() {
    // Write code here that turns the phrase above into concrete actions
    throw new io.cucumber.java.PendingException();
}
@When(&amp;quot;User clicks on A\\/B Testing link&amp;quot;)
public void user_clicks_on_a_b_testing_link() {
    // Write code here that turns the phrase above into concrete actions
    throw new io.cucumber.java.PendingException();
}
@Then(&amp;quot;User verifies the text as {string}&amp;quot;)
public void user_verifies_the_text_as(String string) {
    // Write code here that turns the phrase above into concrete actions
    throw new io.cucumber.java.PendingException();
}
@When(&amp;quot;User navigates back and selects Option1 from dropdown&amp;quot;)
public void user_navigates_back_and_selects_option1_from_dropdown() {
    // Write code here that turns the phrase above into concrete actions
    throw new io.cucumber.java.PendingException();
}
@Then(&amp;quot;User verifies the selected option&amp;quot;)
public void user_verifies_the_selected_option() {
    // Write code here that turns the phrase above into concrete actions
    throw new io.cucumber.java.PendingException();
}
@When(&amp;quot;User navigates to Frames link&amp;quot;)
public void user_navigates_to_frames_link() {
    // Write code here that turns the phrase above into concrete actions
    throw new io.cucumber.java.PendingException();
}
@Then(&amp;quot;User verifies presence of {string} and {string}&amp;quot;)
public void user_verifies_presence_of_and(String string, String string2) {
    // Write code here that turns the phrase above into concrete actions
    throw new io.cucumber.java.PendingException();
}
">
      <![CDATA[io.cucumber.testng.UndefinedStepException: The step 'User launches the Heroku app URL' and 7 other step(s) are undefined.
You can implement these steps using the snippet(s) below:

@Given("User launches the Heroku app URL")
public void user_launches_the_heroku_app_url() {
    // Write code here that turns the phrase above into concrete actions
    throw new io.cucumber.java.PendingException();
}
@Then("User verifies the title of the home page")
public void user_verifies_the_title_of_the_home_page() {
    // Write code here that turns the phrase above into concrete actions
    throw new io.cucumber.java.PendingException();
}
@When("User clicks on A\\/B Testing link")
public void user_clicks_on_a_b_testing_link() {
    // Write code here that turns the phrase above into concrete actions
    throw new io.cucumber.java.PendingException();
}
@Then("User verifies the text as {string}")
public void user_verifies_the_text_as(String string) {
    // Write code here that turns the phrase above into concrete actions
    throw new io.cucumber.java.PendingException();
}
@When("User navigates back and selects Option1 from dropdown")
public void user_navigates_back_and_selects_option1_from_dropdown() {
    // Write code here that turns the phrase above into concrete actions
    throw new io.cucumber.java.PendingException();
}
@Then("User verifies the selected option")
public void user_verifies_the_selected_option() {
    // Write code here that turns the phrase above into concrete actions
    throw new io.cucumber.java.PendingException();
}
@When("User navigates to Frames link")
public void user_navigates_to_frames_link() {
    // Write code here that turns the phrase above into concrete actions
    throw new io.cucumber.java.PendingException();
}
@Then("User verifies presence of {string} and {string}")
public void user_verifies_presence_of_and(String string, String string2) {
    // Write code here that turns the phrase above into concrete actions
    throw new io.cucumber.java.PendingException();
}

at io.cucumber.core.runtime.TestCaseResultObserver.assertTestCasePassed(TestCaseResultObserver.java:69)
at io.cucumber.testng.TestCaseResultObserver.assertTestCasePassed(TestCaseResultObserver.java:23)
at io.cucumber.testng.TestNGCucumberRunner.lambda$runScenario$1(TestNGCucumberRunner.java:136)
at io.cucumber.core.runtime.CucumberExecutionContext.lambda$runTestCase$5(CucumberExecutionContext.java:136)
at io.cucumber.core.runtime.RethrowingThrowableCollector.executeAndThrow(RethrowingThrowableCollector.java:23)
at io.cucumber.core.runtime.CucumberExecutionContext.runTestCase(CucumberExecutionContext.java:136)
at io.cucumber.testng.TestNGCucumberRunner.runScenario(TestNGCucumberRunner.java:132)
at io.cucumber.testng.AbstractTestNGCucumberTests.runScenario(AbstractTestNGCucumberTests.java:35)
at java.base/java.util.ArrayList.forEach(ArrayList.java:1596)
... Removed 25 stack frames]]>
    </failure>
  </testcase> <!-- runScenario -->
</testsuite> <!-- BDD Tests -->
